Using pre-set license
Built from '2020.3/release' branch; Version is '2020.3.7f1 (dd97f2c94397) revision 14522354'; Using compiler version '192528614'; Build Type 'Release'
OS: 'Windows 10 Pro; OS build 19042.928; Version 2009; 64bit' Language: 'en' Physical Memory: 32706 MB
BatchMode: 1, IsHumanControllingUs: 0, StartBugReporterOnCrash: 0, Is64bit: 1, IsPro: 0

 COMMAND LINE ARGUMENTS:
D:\Program Files\Unity\Editors\2020.3.7f1\Editor\Unity.exe
-adb2
-batchMode
-noUpm
-name
AssetImportWorker0
-projectPath
C:/Users/hdent/Documents/MyDocuments/School/2020-2022 - Deakin/2021 - Term 1/SIT254-GameDesign/Assessment 2 - Group Project/NightmareDefence
-logFile
Logs/AssetImportWorker0.log
-srvPort
53477
Successfully changed project path to: C:/Users/hdent/Documents/MyDocuments/School/2020-2022 - Deakin/2021 - Term 1/SIT254-GameDesign/Assessment 2 - Group Project/NightmareDefence
C:/Users/hdent/Documents/MyDocuments/School/2020-2022 - Deakin/2021 - Term 1/SIT254-GameDesign/Assessment 2 - Group Project/NightmareDefence
Using Asset Import Pipeline V2.
Refreshing native plugins compatible for Editor in 52.68 ms, found 3 plugins.
Preloading 0 native plugins for Editor in 0.00 ms.
Initialize engine version: 2020.3.7f1 (dd97f2c94397)
[Subsystems] Discovering subsystems at path D:/Program Files/Unity/Editors/2020.3.7f1/Editor/Data/Resources/UnitySubsystems
[Subsystems] Discovering subsystems at path C:/Users/hdent/Documents/MyDocuments/School/2020-2022 - Deakin/2021 - Term 1/SIT254-GameDesign/Assessment 2 - Group Project/NightmareDefence/Assets
GfxDevice: creating device client; threaded=0
Direct3D:
    Version:  Direct3D 11.0 [level 11.1]
    Renderer: NVIDIA GeForce RTX 3070 (ID=0x2484)
    Vendor:   
    VRAM:     8043 MB
    Driver:   27.21.14.6589
Initialize mono
Mono path[0] = 'D:/Program Files/Unity/Editors/2020.3.7f1/Editor/Data/Managed'
Mono path[1] = 'D:/Program Files/Unity/Editors/2020.3.7f1/Editor/Data/MonoBleedingEdge/lib/mono/unityjit'
Mono config path = 'D:/Program Files/Unity/Editors/2020.3.7f1/Editor/Data/MonoBleedingEdge/etc'
Using monoOptions --debugger-agent=transport=dt_socket,embedding=1,server=y,suspend=n,address=127.0.0.1:56184
Begin MonoManager ReloadAssembly
Registering precompiled unity dll's ...
Register platform support module: D:/Program Files/Unity/Editors/2020.3.7f1/Editor/Data/PlaybackEngines/WindowsStandaloneSupport/UnityEditor.WindowsStandalone.Extensions.dll
Registered in 0.001563 seconds.
Native extension for WindowsStandalone target not found
Refreshing native plugins compatible for Editor in 50.81 ms, found 3 plugins.
Preloading 0 native plugins for Editor in 0.00 ms.
Mono: successfully reloaded assembly
- Completed reload, in  1.583 seconds
Platform modules already initialized, skipping
Registering precompiled user dll's ...
Registered in 0.008432 seconds.
Begin MonoManager ReloadAssembly
Native extension for WindowsStandalone target not found
Refreshing native plugins compatible for Editor in 46.45 ms, found 3 plugins.
Preloading 0 native plugins for Editor in 0.00 ms.
Mono: successfully reloaded assembly
- Completed reload, in  1.233 seconds
Platform modules already initialized, skipping
========================================================================
Worker process is ready to serve import requests
Launched and connected shader compiler UnityShaderCompiler.exe after 0.09 seconds
Refreshing native plugins compatible for Editor in 0.49 ms, found 3 plugins.
Preloading 0 native plugins for Editor in 0.00 ms.
Unloading 1832 Unused Serialized files (Serialized files now loaded: 0)
System memory in use before: 86.4 MB.
System memory in use after: 86.4 MB.

Unloading 41 unused Assets to reduce memory usage. Loaded Objects now: 2300.
Total: 2.900200 ms (FindLiveObjects: 0.398700 ms CreateObjectMapping: 0.212400 ms MarkObjects: 2.088900 ms  DeleteObjects: 0.198700 ms)

========================================================================
Received Import Request.
  path: Assets/Entities/Placeables/TowerEntity.cs
  artifactKey: Guid(1a60156bb4d4eda4e82a26da26b95ff4) Importer(815301076,1909f56bfc062723c751e8b465ee728b)
Start importing Assets/Entities/Placeables/TowerEntity.cs using Guid(1a60156bb4d4eda4e82a26da26b95ff4) Importer(815301076,1909f56bfc062723c751e8b465ee728b)  -> (artifact id: '6d0bfb495e4e62803583014c91f2a336') in 0.087505 seconds
  Import took 0.101012 seconds .

========================================================================
Received Prepare
Registering precompiled user dll's ...
Registered in 0.007979 seconds.
Begin MonoManager ReloadAssembly
Native extension for WindowsStandalone target not found
Refreshing native plugins compatible for Editor in 0.52 ms, found 3 plugins.
Preloading 0 native plugins for Editor in 0.00 ms.
Mono: successfully reloaded assembly
- Completed reload, in  1.139 seconds
Platform modules already initialized, skipping
Refreshing native plugins compatible for Editor in 2.33 ms, found 3 plugins.
Preloading 0 native plugins for Editor in 0.00 ms.
Unloading 1827 Unused Serialized files (Serialized files now loaded: 0)
System memory in use before: 86.4 MB.
System memory in use after: 86.4 MB.

Unloading 29 unused Assets to reduce memory usage. Loaded Objects now: 2304.
Total: 2.541000 ms (FindLiveObjects: 0.370400 ms CreateObjectMapping: 0.187900 ms MarkObjects: 1.855000 ms  DeleteObjects: 0.126300 ms)

========================================================================
Received Prepare
Registering precompiled user dll's ...
Registered in 0.008224 seconds.
Begin MonoManager ReloadAssembly
Native extension for WindowsStandalone target not found
Refreshing native plugins compatible for Editor in 0.54 ms, found 3 plugins.
Preloading 0 native plugins for Editor in 0.00 ms.
Mono: successfully reloaded assembly
- Completed reload, in  1.176 seconds
Platform modules already initialized, skipping
Refreshing native plugins compatible for Editor in 0.67 ms, found 3 plugins.
Preloading 0 native plugins for Editor in 0.00 ms.
Unloading 1827 Unused Serialized files (Serialized files now loaded: 0)
System memory in use before: 86.4 MB.
System memory in use after: 86.4 MB.

Unloading 29 unused Assets to reduce memory usage. Loaded Objects now: 2308.
Total: 2.445800 ms (FindLiveObjects: 0.260000 ms CreateObjectMapping: 0.106500 ms MarkObjects: 1.944900 ms  DeleteObjects: 0.132700 ms)

========================================================================
Received Import Request.
  Time since last request: 292.086568 seconds.
  path: Assets/Entities/Placeables/TowerEntity.cs
  artifactKey: Guid(1a60156bb4d4eda4e82a26da26b95ff4) Importer(815301076,1909f56bfc062723c751e8b465ee728b)
Start importing Assets/Entities/Placeables/TowerEntity.cs using Guid(1a60156bb4d4eda4e82a26da26b95ff4) Importer(815301076,1909f56bfc062723c751e8b465ee728b)  -> (artifact id: 'c4f073a77002c0b05073efc29ce95004') in 0.006133 seconds
  Import took 0.009619 seconds .

========================================================================
Received Import Request.
  Time since last request: 0.015849 seconds.
  path: Assets/Entities/Placeables/TowerEntity.cs
  artifactKey: Guid(1a60156bb4d4eda4e82a26da26b95ff4) Importer(815301076,1909f56bfc062723c751e8b465ee728b)
Start importing Assets/Entities/Placeables/TowerEntity.cs using Guid(1a60156bb4d4eda4e82a26da26b95ff4) Importer(815301076,1909f56bfc062723c751e8b465ee728b)  -> (artifact id: 'c4f073a77002c0b05073efc29ce95004') in 0.002993 seconds
  Import took 0.006430 seconds .

========================================================================
Received Prepare
Registering precompiled user dll's ...
Registered in 0.008124 seconds.
Begin MonoManager ReloadAssembly
Native extension for WindowsStandalone target not found
Refreshing native plugins compatible for Editor in 0.51 ms, found 3 plugins.
Preloading 0 native plugins for Editor in 0.00 ms.
Mono: successfully reloaded assembly
- Completed reload, in  1.165 seconds
Platform modules already initialized, skipping
Refreshing native plugins compatible for Editor in 0.51 ms, found 3 plugins.
Preloading 0 native plugins for Editor in 0.00 ms.
Unloading 1827 Unused Serialized files (Serialized files now loaded: 0)
System memory in use before: 86.5 MB.
System memory in use after: 86.4 MB.

Unloading 29 unused Assets to reduce memory usage. Loaded Objects now: 2312.
Total: 2.392900 ms (FindLiveObjects: 0.224100 ms CreateObjectMapping: 0.125800 ms MarkObjects: 1.922000 ms  DeleteObjects: 0.119900 ms)

========================================================================
Received Prepare
Registering precompiled user dll's ...
Registered in 0.008679 seconds.
Begin MonoManager ReloadAssembly
Native extension for WindowsStandalone target not found
Refreshing native plugins compatible for Editor in 0.54 ms, found 3 plugins.
Preloading 0 native plugins for Editor in 0.00 ms.
Mono: successfully reloaded assembly
- Completed reload, in  1.172 seconds
Platform modules already initialized, skipping
Refreshing native plugins compatible for Editor in 0.51 ms, found 3 plugins.
Preloading 0 native plugins for Editor in 0.00 ms.
Unloading 1827 Unused Serialized files (Serialized files now loaded: 0)
System memory in use before: 86.5 MB.
System memory in use after: 86.5 MB.

Unloading 29 unused Assets to reduce memory usage. Loaded Objects now: 2316.
Total: 2.721600 ms (FindLiveObjects: 0.375500 ms CreateObjectMapping: 0.210400 ms MarkObjects: 1.977200 ms  DeleteObjects: 0.156600 ms)

========================================================================
Received Import Request.
  Time since last request: 1871.407643 seconds.
  path: Assets/Entities/TargetingEntity.cs
  artifactKey: Guid(5719892cc9e516c41a1fa57cf8a7c0f6) Importer(815301076,1909f56bfc062723c751e8b465ee728b)
Start importing Assets/Entities/TargetingEntity.cs using Guid(5719892cc9e516c41a1fa57cf8a7c0f6) Importer(815301076,1909f56bfc062723c751e8b465ee728b)  -> (artifact id: '4d72b0b8712da9783b8a7cb5ffdd2f0f') in 0.014163 seconds
  Import took 0.018629 seconds .

========================================================================
Received Prepare
Registering precompiled user dll's ...
Registered in 0.008834 seconds.
Begin MonoManager ReloadAssembly
Native extension for WindowsStandalone target not found
Refreshing native plugins compatible for Editor in 0.52 ms, found 3 plugins.
Preloading 0 native plugins for Editor in 0.00 ms.
Mono: successfully reloaded assembly
- Completed reload, in  1.188 seconds
Platform modules already initialized, skipping
Refreshing native plugins compatible for Editor in 0.54 ms, found 3 plugins.
Preloading 0 native plugins for Editor in 0.00 ms.
Unloading 1828 Unused Serialized files (Serialized files now loaded: 0)
System memory in use before: 86.5 MB.
System memory in use after: 86.5 MB.

Unloading 29 unused Assets to reduce memory usage. Loaded Objects now: 2321.
Total: 2.720100 ms (FindLiveObjects: 0.395200 ms CreateObjectMapping: 0.205700 ms MarkObjects: 1.981100 ms  DeleteObjects: 0.135800 ms)

========================================================================
Received Prepare
Registering precompiled user dll's ...
Registered in 0.010278 seconds.
Begin MonoManager ReloadAssembly
Native extension for WindowsStandalone target not found
Refreshing native plugins compatible for Editor in 0.59 ms, found 3 plugins.
Preloading 0 native plugins for Editor in 0.00 ms.
Mono: successfully reloaded assembly
- Completed reload, in  1.128 seconds
Platform modules already initialized, skipping
Refreshing native plugins compatible for Editor in 0.57 ms, found 3 plugins.
Preloading 0 native plugins for Editor in 0.00 ms.
Unloading 1828 Unused Serialized files (Serialized files now loaded: 0)
System memory in use before: 86.5 MB.
System memory in use after: 86.5 MB.

Unloading 29 unused Assets to reduce memory usage. Loaded Objects now: 2325.
Total: 2.532200 ms (FindLiveObjects: 0.261700 ms CreateObjectMapping: 0.144900 ms MarkObjects: 1.981400 ms  DeleteObjects: 0.143000 ms)

========================================================================
Received Import Request.
  Time since last request: 1070.860287 seconds.
  path: Assets/Entities/TargetingEntity.cs
  artifactKey: Guid(5719892cc9e516c41a1fa57cf8a7c0f6) Importer(815301076,1909f56bfc062723c751e8b465ee728b)
Start importing Assets/Entities/TargetingEntity.cs using Guid(5719892cc9e516c41a1fa57cf8a7c0f6) Importer(815301076,1909f56bfc062723c751e8b465ee728b)  -> (artifact id: 'b537ad994bb0b718b588988a28395159') in 0.007182 seconds
  Import took 0.010852 seconds .

========================================================================
Received Prepare
Registering precompiled user dll's ...
Registered in 0.008715 seconds.
Begin MonoManager ReloadAssembly
Native extension for WindowsStandalone target not found
Refreshing native plugins compatible for Editor in 0.55 ms, found 3 plugins.
Preloading 0 native plugins for Editor in 0.00 ms.
Mono: successfully reloaded assembly
- Completed reload, in  1.129 seconds
Platform modules already initialized, skipping
Refreshing native plugins compatible for Editor in 0.52 ms, found 3 plugins.
Preloading 0 native plugins for Editor in 0.00 ms.
Unloading 1828 Unused Serialized files (Serialized files now loaded: 0)
System memory in use before: 86.5 MB.
System memory in use after: 86.5 MB.

Unloading 29 unused Assets to reduce memory usage. Loaded Objects now: 2329.
Total: 2.614200 ms (FindLiveObjects: 0.258100 ms CreateObjectMapping: 0.166900 ms MarkObjects: 2.050100 ms  DeleteObjects: 0.137500 ms)

========================================================================
Received Import Request.
  Time since last request: 15.048409 seconds.
  path: Assets/Entities/TargetingEntity.cs
  artifactKey: Guid(5719892cc9e516c41a1fa57cf8a7c0f6) Importer(815301076,1909f56bfc062723c751e8b465ee728b)
Start importing Assets/Entities/TargetingEntity.cs using Guid(5719892cc9e516c41a1fa57cf8a7c0f6) Importer(815301076,1909f56bfc062723c751e8b465ee728b)  -> (artifact id: '5f15fa91bfbe708814a6e455447024e6') in 0.006637 seconds
  Import took 0.010761 seconds .

========================================================================
Received Prepare
Registering precompiled user dll's ...
Registered in 0.008692 seconds.
Begin MonoManager ReloadAssembly
Native extension for WindowsStandalone target not found
Refreshing native plugins compatible for Editor in 0.51 ms, found 3 plugins.
Preloading 0 native plugins for Editor in 0.00 ms.
Mono: successfully reloaded assembly
- Completed reload, in  1.193 seconds
Platform modules already initialized, skipping
Refreshing native plugins compatible for Editor in 0.53 ms, found 3 plugins.
Preloading 0 native plugins for Editor in 0.00 ms.
Unloading 1828 Unused Serialized files (Serialized files now loaded: 0)
System memory in use before: 86.5 MB.
System memory in use after: 86.5 MB.

Unloading 29 unused Assets to reduce memory usage. Loaded Objects now: 2333.
Total: 2.533200 ms (FindLiveObjects: 0.215500 ms CreateObjectMapping: 0.120600 ms MarkObjects: 2.047400 ms  DeleteObjects: 0.148100 ms)

========================================================================
Received Import Request.
  Time since last request: 403.620658 seconds.
  path: Assets/Entities/EnemyEntity.cs
  artifactKey: Guid(0b7f0f0b98d59a44780be5a5bfdc4e58) Importer(815301076,1909f56bfc062723c751e8b465ee728b)
Start importing Assets/Entities/EnemyEntity.cs using Guid(0b7f0f0b98d59a44780be5a5bfdc4e58) Importer(815301076,1909f56bfc062723c751e8b465ee728b)  -> (artifact id: '8a1017de96cdb5e669d302e365d4b24e') in 0.011890 seconds
  Import took 0.015331 seconds .

========================================================================
Received Import Request.
  Time since last request: 0.000244 seconds.
  path: Assets/Entities/TargetingEntity.cs
  artifactKey: Guid(5719892cc9e516c41a1fa57cf8a7c0f6) Importer(815301076,1909f56bfc062723c751e8b465ee728b)
Start importing Assets/Entities/TargetingEntity.cs using Guid(5719892cc9e516c41a1fa57cf8a7c0f6) Importer(815301076,1909f56bfc062723c751e8b465ee728b)  -> (artifact id: 'ad266d36a662661cd7dd25af16f43b43') in 0.003339 seconds
  Import took 0.006561 seconds .

========================================================================
Received Prepare
Registering precompiled user dll's ...
Registered in 0.008246 seconds.
Begin MonoManager ReloadAssembly
Native extension for WindowsStandalone target not found
Refreshing native plugins compatible for Editor in 0.56 ms, found 3 plugins.
Preloading 0 native plugins for Editor in 0.00 ms.
Mono: successfully reloaded assembly
- Completed reload, in  1.167 seconds
Platform modules already initialized, skipping
Refreshing native plugins compatible for Editor in 0.51 ms, found 3 plugins.
Preloading 0 native plugins for Editor in 0.00 ms.
Unloading 1827 Unused Serialized files (Serialized files now loaded: 0)
System memory in use before: 86.5 MB.
System memory in use after: 86.5 MB.

Unloading 30 unused Assets to reduce memory usage. Loaded Objects now: 2336.
Total: 2.519700 ms (FindLiveObjects: 0.336700 ms CreateObjectMapping: 0.145500 ms MarkObjects: 1.904500 ms  DeleteObjects: 0.131200 ms)

========================================================================
Received Import Request.
  Time since last request: 1221.050778 seconds.
  path: Assets/Entities/EnemyEntity.cs
  artifactKey: Guid(0b7f0f0b98d59a44780be5a5bfdc4e58) Importer(815301076,1909f56bfc062723c751e8b465ee728b)
Start importing Assets/Entities/EnemyEntity.cs using Guid(0b7f0f0b98d59a44780be5a5bfdc4e58) Importer(815301076,1909f56bfc062723c751e8b465ee728b)  -> (artifact id: '40176c3c6198b29726bec384611216b6') in 0.007227 seconds
  Import took 0.010669 seconds .

========================================================================
Received Import Request.
  Time since last request: 0.041093 seconds.
  path: Assets/Entities/EnemyEntity.cs
  artifactKey: Guid(0b7f0f0b98d59a44780be5a5bfdc4e58) Importer(815301076,1909f56bfc062723c751e8b465ee728b)
Start importing Assets/Entities/EnemyEntity.cs using Guid(0b7f0f0b98d59a44780be5a5bfdc4e58) Importer(815301076,1909f56bfc062723c751e8b465ee728b)  -> (artifact id: '40176c3c6198b29726bec384611216b6') in 0.004271 seconds
  Import took 0.007882 seconds .

========================================================================
Received Prepare
Registering precompiled user dll's ...
Registered in 0.008971 seconds.
Begin MonoManager ReloadAssembly
Native extension for WindowsStandalone target not found
Refreshing native plugins compatible for Editor in 0.52 ms, found 3 plugins.
Preloading 0 native plugins for Editor in 0.00 ms.
Mono: successfully reloaded assembly
- Completed reload, in  1.187 seconds
Platform modules already initialized, skipping
Refreshing native plugins compatible for Editor in 0.53 ms, found 3 plugins.
Preloading 0 native plugins for Editor in 0.00 ms.
Unloading 1827 Unused Serialized files (Serialized files now loaded: 0)
System memory in use before: 86.5 MB.
System memory in use after: 86.5 MB.

Unloading 29 unused Assets to reduce memory usage. Loaded Objects now: 2340.
Total: 2.408300 ms (FindLiveObjects: 0.264700 ms CreateObjectMapping: 0.119600 ms MarkObjects: 1.896100 ms  DeleteObjects: 0.126300 ms)

========================================================================
Received Import Request.
  Time since last request: 33.392609 seconds.
  path: Assets/Entities/EnemyEntity.cs
  artifactKey: Guid(0b7f0f0b98d59a44780be5a5bfdc4e58) Importer(815301076,1909f56bfc062723c751e8b465ee728b)
Start importing Assets/Entities/EnemyEntity.cs using Guid(0b7f0f0b98d59a44780be5a5bfdc4e58) Importer(815301076,1909f56bfc062723c751e8b465ee728b)  -> (artifact id: 'efe90653e8f8b72c055f25092d271e5d') in 0.007705 seconds
  Import took 0.011479 seconds .

========================================================================
Received Prepare
Registering precompiled user dll's ...
Registered in 0.007914 seconds.
Begin MonoManager ReloadAssembly
Native extension for WindowsStandalone target not found
Refreshing native plugins compatible for Editor in 0.58 ms, found 3 plugins.
Preloading 0 native plugins for Editor in 0.00 ms.
Mono: successfully reloaded assembly
- Completed reload, in  1.153 seconds
Platform modules already initialized, skipping
Refreshing native plugins compatible for Editor in 0.57 ms, found 3 plugins.
Preloading 0 native plugins for Editor in 0.00 ms.
Unloading 1827 Unused Serialized files (Serialized files now loaded: 0)
System memory in use before: 86.6 MB.
System memory in use after: 86.5 MB.

Unloading 29 unused Assets to reduce memory usage. Loaded Objects now: 2344.
Total: 2.410300 ms (FindLiveObjects: 0.221400 ms CreateObjectMapping: 0.130900 ms MarkObjects: 1.909400 ms  DeleteObjects: 0.147000 ms)

========================================================================
Received Import Request.
  Time since last request: 112.718842 seconds.
  path: Assets/Entity.cs
  artifactKey: Guid(7e170d413aa479c45bb6b3fdf25e05bc) Importer(815301076,1909f56bfc062723c751e8b465ee728b)
Start importing Assets/Entity.cs using Guid(7e170d413aa479c45bb6b3fdf25e05bc) Importer(815301076,1909f56bfc062723c751e8b465ee728b)  -> (artifact id: '43c5d9a4477c8d8e2499a9dcb802d341') in 0.013379 seconds
  Import took 0.017159 seconds .

========================================================================
Received Import Request.
  Time since last request: 0.003749 seconds.
  path: Assets/Entity.cs
  artifactKey: Guid(7e170d413aa479c45bb6b3fdf25e05bc) Importer(815301076,1909f56bfc062723c751e8b465ee728b)
Start importing Assets/Entity.cs using Guid(7e170d413aa479c45bb6b3fdf25e05bc) Importer(815301076,1909f56bfc062723c751e8b465ee728b)  -> (artifact id: '43c5d9a4477c8d8e2499a9dcb802d341') in 0.004444 seconds
  Import took 0.008272 seconds .

========================================================================
Received Import Request.
  Time since last request: 118.695323 seconds.
  path: Assets/Entity.cs
  artifactKey: Guid(7e170d413aa479c45bb6b3fdf25e05bc) Importer(815301076,1909f56bfc062723c751e8b465ee728b)
Start importing Assets/Entity.cs using Guid(7e170d413aa479c45bb6b3fdf25e05bc) Importer(815301076,1909f56bfc062723c751e8b465ee728b)  -> (artifact id: '0c5de3992d82281b79098584c86576aa') in 0.004915 seconds
  Import took 0.008956 seconds .

========================================================================
Received Prepare
Registering precompiled user dll's ...
Registered in 0.007950 seconds.
Begin MonoManager ReloadAssembly
Native extension for WindowsStandalone target not found
Refreshing native plugins compatible for Editor in 0.55 ms, found 3 plugins.
Preloading 0 native plugins for Editor in 0.00 ms.
Mono: successfully reloaded assembly
- Completed reload, in  1.106 seconds
Platform modules already initialized, skipping
Refreshing native plugins compatible for Editor in 0.58 ms, found 3 plugins.
Preloading 0 native plugins for Editor in 0.00 ms.
Unloading 1827 Unused Serialized files (Serialized files now loaded: 0)
System memory in use before: 86.6 MB.
System memory in use after: 86.5 MB.

Unloading 29 unused Assets to reduce memory usage. Loaded Objects now: 2348.
Total: 2.517200 ms (FindLiveObjects: 0.276200 ms CreateObjectMapping: 0.138400 ms MarkObjects: 1.967900 ms  DeleteObjects: 0.132900 ms)

========================================================================
Received Import Request.
  Time since last request: 38.795300 seconds.
  path: ProjectSettings/TagManager.asset
  artifactKey: Guid(00000000000000003000000000000000) Importer(815301076,1909f56bfc062723c751e8b465ee728b)
Start importing ProjectSettings/TagManager.asset using Guid(00000000000000003000000000000000) Importer(815301076,1909f56bfc062723c751e8b465ee728b)  -> (artifact id: 'b3531c0ed8cd4292e4ec5150e81a831a') in 0.027475 seconds
  Import took 0.031247 seconds .

========================================================================
Received Import Request.
  Time since last request: 0.000646 seconds.
  path: ProjectSettings/TagManager.asset
  artifactKey: Guid(00000000000000003000000000000000) Importer(815301076,1909f56bfc062723c751e8b465ee728b)
Start importing ProjectSettings/TagManager.asset using Guid(00000000000000003000000000000000) Importer(815301076,1909f56bfc062723c751e8b465ee728b)  -> (artifact id: 'b3531c0ed8cd4292e4ec5150e81a831a') in 0.005216 seconds
  Import took 0.009331 seconds .

========================================================================
Received Prepare
Registering precompiled user dll's ...
Registered in 0.008662 seconds.
Begin MonoManager ReloadAssembly
Native extension for WindowsStandalone target not found
Refreshing native plugins compatible for Editor in 0.53 ms, found 3 plugins.
Preloading 0 native plugins for Editor in 0.00 ms.
Mono: successfully reloaded assembly
- Completed reload, in  1.133 seconds
Platform modules already initialized, skipping
Refreshing native plugins compatible for Editor in 0.54 ms, found 3 plugins.
Preloading 0 native plugins for Editor in 0.00 ms.
Unloading 1827 Unused Serialized files (Serialized files now loaded: 0)
System memory in use before: 86.6 MB.
System memory in use after: 86.6 MB.

Unloading 31 unused Assets to reduce memory usage. Loaded Objects now: 2352.
Total: 2.388000 ms (FindLiveObjects: 0.209200 ms CreateObjectMapping: 0.118900 ms MarkObjects: 1.919700 ms  DeleteObjects: 0.138900 ms)

========================================================================
Received Prepare
Registering precompiled user dll's ...
Registered in 0.008315 seconds.
Begin MonoManager ReloadAssembly
Native extension for WindowsStandalone target not found
Refreshing native plugins compatible for Editor in 0.54 ms, found 3 plugins.
Preloading 0 native plugins for Editor in 0.00 ms.
Mono: successfully reloaded assembly
- Completed reload, in  1.145 seconds
Platform modules already initialized, skipping
Refreshing native plugins compatible for Editor in 0.53 ms, found 3 plugins.
Preloading 0 native plugins for Editor in 0.00 ms.
Unloading 1827 Unused Serialized files (Serialized files now loaded: 0)
System memory in use before: 86.6 MB.
System memory in use after: 86.6 MB.

Unloading 29 unused Assets to reduce memory usage. Loaded Objects now: 2356.
Total: 2.674800 ms (FindLiveObjects: 0.253700 ms CreateObjectMapping: 0.126200 ms MarkObjects: 2.157900 ms  DeleteObjects: 0.135200 ms)

========================================================================
Received Prepare
Registering precompiled user dll's ...
Registered in 0.008373 seconds.
Begin MonoManager ReloadAssembly
Native extension for WindowsStandalone target not found
Refreshing native plugins compatible for Editor in 0.55 ms, found 3 plugins.
Preloading 0 native plugins for Editor in 0.00 ms.
Mono: successfully reloaded assembly
- Completed reload, in  1.185 seconds
Platform modules already initialized, skipping
Refreshing native plugins compatible for Editor in 0.52 ms, found 3 plugins.
Preloading 0 native plugins for Editor in 0.00 ms.
Unloading 1827 Unused Serialized files (Serialized files now loaded: 0)
System memory in use before: 86.6 MB.
System memory in use after: 86.6 MB.

Unloading 29 unused Assets to reduce memory usage. Loaded Objects now: 2360.
Total: 2.743100 ms (FindLiveObjects: 0.228700 ms CreateObjectMapping: 0.114000 ms MarkObjects: 2.254700 ms  DeleteObjects: 0.144300 ms)

========================================================================
Received Prepare
Registering precompiled user dll's ...
Registered in 0.007964 seconds.
Begin MonoManager ReloadAssembly
Native extension for WindowsStandalone target not found
Refreshing native plugins compatible for Editor in 0.53 ms, found 3 plugins.
Preloading 0 native plugins for Editor in 0.00 ms.
Mono: successfully reloaded assembly
- Completed reload, in  1.213 seconds
Platform modules already initialized, skipping
Refreshing native plugins compatible for Editor in 0.88 ms, found 3 plugins.
Preloading 0 native plugins for Editor in 0.00 ms.
Unloading 1827 Unused Serialized files (Serialized files now loaded: 0)
System memory in use before: 86.6 MB.
System memory in use after: 86.6 MB.

Unloading 29 unused Assets to reduce memory usage. Loaded Objects now: 2364.
Total: 2.366700 ms (FindLiveObjects: 0.260600 ms CreateObjectMapping: 0.124600 ms MarkObjects: 1.855200 ms  DeleteObjects: 0.124800 ms)

========================================================================
Received Prepare
Registering precompiled user dll's ...
Registered in 0.007961 seconds.
Begin MonoManager ReloadAssembly
Native extension for WindowsStandalone target not found
Refreshing native plugins compatible for Editor in 0.54 ms, found 3 plugins.
Preloading 0 native plugins for Editor in 0.00 ms.
Mono: successfully reloaded assembly
- Completed reload, in  1.162 seconds
Platform modules already initialized, skipping
Refreshing native plugins compatible for Editor in 0.51 ms, found 3 plugins.
Preloading 0 native plugins for Editor in 0.00 ms.
Unloading 1827 Unused Serialized files (Serialized files now loaded: 0)
System memory in use before: 86.6 MB.
System memory in use after: 86.6 MB.

Unloading 29 unused Assets to reduce memory usage. Loaded Objects now: 2368.
Total: 2.599500 ms (FindLiveObjects: 0.224200 ms CreateObjectMapping: 0.108700 ms MarkObjects: 2.135100 ms  DeleteObjects: 0.130300 ms)

========================================================================
Received Prepare
Registering precompiled user dll's ...
Registered in 0.008175 seconds.
Begin MonoManager ReloadAssembly
Native extension for WindowsStandalone target not found
Refreshing native plugins compatible for Editor in 0.70 ms, found 3 plugins.
Preloading 0 native plugins for Editor in 0.00 ms.
Mono: successfully reloaded assembly
- Completed reload, in  1.203 seconds
Platform modules already initialized, skipping
Refreshing native plugins compatible for Editor in 0.52 ms, found 3 plugins.
Preloading 0 native plugins for Editor in 0.00 ms.
Unloading 1827 Unused Serialized files (Serialized files now loaded: 0)
System memory in use before: 86.6 MB.
System memory in use after: 86.6 MB.

Unloading 29 unused Assets to reduce memory usage. Loaded Objects now: 2372.
Total: 2.548000 ms (FindLiveObjects: 0.256900 ms CreateObjectMapping: 0.128600 ms MarkObjects: 2.027400 ms  DeleteObjects: 0.133900 ms)

========================================================================
Received Prepare
Registering precompiled user dll's ...
Registered in 0.009245 seconds.
Begin MonoManager ReloadAssembly
Native extension for WindowsStandalone target not found
Refreshing native plugins compatible for Editor in 0.52 ms, found 3 plugins.
Preloading 0 native plugins for Editor in 0.00 ms.
Mono: successfully reloaded assembly
- Completed reload, in  1.246 seconds
Platform modules already initialized, skipping
Refreshing native plugins compatible for Editor in 0.52 ms, found 3 plugins.
Preloading 0 native plugins for Editor in 0.00 ms.
Unloading 1827 Unused Serialized files (Serialized files now loaded: 0)
System memory in use before: 86.6 MB.
System memory in use after: 86.6 MB.

Unloading 29 unused Assets to reduce memory usage. Loaded Objects now: 2376.
Total: 2.643100 ms (FindLiveObjects: 0.240600 ms CreateObjectMapping: 0.151400 ms MarkObjects: 2.115100 ms  DeleteObjects: 0.134300 ms)

========================================================================
Received Prepare
Registering precompiled user dll's ...
Registered in 0.008188 seconds.
Begin MonoManager ReloadAssembly
Native extension for WindowsStandalone target not found
Refreshing native plugins compatible for Editor in 0.61 ms, found 3 plugins.
Preloading 0 native plugins for Editor in 0.00 ms.
Mono: successfully reloaded assembly
- Completed reload, in  1.114 seconds
Platform modules already initialized, skipping
Refreshing native plugins compatible for Editor in 0.61 ms, found 3 plugins.
Preloading 0 native plugins for Editor in 0.00 ms.
Unloading 1827 Unused Serialized files (Serialized files now loaded: 0)
System memory in use before: 86.6 MB.
System memory in use after: 86.6 MB.

Unloading 29 unused Assets to reduce memory usage. Loaded Objects now: 2380.
Total: 2.848500 ms (FindLiveObjects: 0.247200 ms CreateObjectMapping: 0.204700 ms MarkObjects: 2.244000 ms  DeleteObjects: 0.151300 ms)

========================================================================
Received Prepare
Registering precompiled user dll's ...
Registered in 0.007979 seconds.
Begin MonoManager ReloadAssembly
Native extension for WindowsStandalone target not found
Refreshing native plugins compatible for Editor in 0.52 ms, found 3 plugins.
Preloading 0 native plugins for Editor in 0.00 ms.
Mono: successfully reloaded assembly
- Completed reload, in  1.161 seconds
Platform modules already initialized, skipping
Refreshing native plugins compatible for Editor in 0.53 ms, found 3 plugins.
Preloading 0 native plugins for Editor in 0.00 ms.
Unloading 1827 Unused Serialized files (Serialized files now loaded: 0)
System memory in use before: 86.6 MB.
System memory in use after: 86.6 MB.

Unloading 29 unused Assets to reduce memory usage. Loaded Objects now: 2384.
Total: 2.559100 ms (FindLiveObjects: 0.346900 ms CreateObjectMapping: 0.137600 ms MarkObjects: 1.944300 ms  DeleteObjects: 0.128700 ms)

========================================================================
Received Prepare
Registering precompiled user dll's ...
Registered in 0.009319 seconds.
Begin MonoManager ReloadAssembly
Native extension for WindowsStandalone target not found
Refreshing native plugins compatible for Editor in 0.51 ms, found 3 plugins.
Preloading 0 native plugins for Editor in 0.00 ms.
Mono: successfully reloaded assembly
- Completed reload, in  1.183 seconds
Platform modules already initialized, skipping
Refreshing native plugins compatible for Editor in 0.54 ms, found 3 plugins.
Preloading 0 native plugins for Editor in 0.00 ms.
Unloading 1827 Unused Serialized files (Serialized files now loaded: 0)
System memory in use before: 86.6 MB.
System memory in use after: 86.6 MB.

Unloading 29 unused Assets to reduce memory usage. Loaded Objects now: 2388.
Total: 2.344800 ms (FindLiveObjects: 0.215000 ms CreateObjectMapping: 0.112600 ms MarkObjects: 1.894800 ms  DeleteObjects: 0.120600 ms)

========================================================================
Received Prepare
Registering precompiled user dll's ...
Registered in 0.008150 seconds.
Begin MonoManager ReloadAssembly
Native extension for WindowsStandalone target not found
Refreshing native plugins compatible for Editor in 0.53 ms, found 3 plugins.
Preloading 0 native plugins for Editor in 0.00 ms.
Mono: successfully reloaded assembly
- Completed reload, in  1.214 seconds
Platform modules already initialized, skipping
Refreshing native plugins compatible for Editor in 0.54 ms, found 3 plugins.
Preloading 0 native plugins for Editor in 0.00 ms.
Unloading 1827 Unused Serialized files (Serialized files now loaded: 0)
System memory in use before: 86.7 MB.
System memory in use after: 86.6 MB.

Unloading 29 unused Assets to reduce memory usage. Loaded Objects now: 2392.
Total: 2.473900 ms (FindLiveObjects: 0.316800 ms CreateObjectMapping: 0.125300 ms MarkObjects: 1.905500 ms  DeleteObjects: 0.124500 ms)

========================================================================
Received Prepare
Registering precompiled user dll's ...
Registered in 0.007859 seconds.
Begin MonoManager ReloadAssembly
Native extension for WindowsStandalone target not found
Refreshing native plugins compatible for Editor in 0.55 ms, found 3 plugins.
Preloading 0 native plugins for Editor in 0.00 ms.
Mono: successfully reloaded assembly
- Completed reload, in  1.162 seconds
Platform modules already initialized, skipping
Refreshing native plugins compatible for Editor in 0.52 ms, found 3 plugins.
Preloading 0 native plugins for Editor in 0.00 ms.
Unloading 1827 Unused Serialized files (Serialized files now loaded: 0)
System memory in use before: 86.7 MB.
System memory in use after: 86.6 MB.

Unloading 29 unused Assets to reduce memory usage. Loaded Objects now: 2396.
Total: 2.445100 ms (FindLiveObjects: 0.230400 ms CreateObjectMapping: 0.105100 ms MarkObjects: 1.968900 ms  DeleteObjects: 0.139500 ms)

========================================================================
Received Prepare
Registering precompiled user dll's ...
Registered in 0.007994 seconds.
Begin MonoManager ReloadAssembly
Native extension for WindowsStandalone target not found
Refreshing native plugins compatible for Editor in 0.56 ms, found 3 plugins.
Preloading 0 native plugins for Editor in 0.00 ms.
Mono: successfully reloaded assembly
- Completed reload, in  1.179 seconds
Platform modules already initialized, skipping
Refreshing native plugins compatible for Editor in 0.59 ms, found 3 plugins.
Preloading 0 native plugins for Editor in 0.00 ms.
Unloading 1827 Unused Serialized files (Serialized files now loaded: 0)
System memory in use before: 86.7 MB.
System memory in use after: 86.7 MB.

Unloading 29 unused Assets to reduce memory usage. Loaded Objects now: 2400.
Total: 4.183400 ms (FindLiveObjects: 0.408000 ms CreateObjectMapping: 0.177500 ms MarkObjects: 3.385600 ms  DeleteObjects: 0.209900 ms)

========================================================================
Received Prepare
Registering precompiled user dll's ...
Registered in 0.008716 seconds.
Begin MonoManager ReloadAssembly
Native extension for WindowsStandalone target not found
Refreshing native plugins compatible for Editor in 0.54 ms, found 3 plugins.
Preloading 0 native plugins for Editor in 0.00 ms.
Mono: successfully reloaded assembly
- Completed reload, in  1.234 seconds
Platform modules already initialized, skipping
Refreshing native plugins compatible for Editor in 0.55 ms, found 3 plugins.
Preloading 0 native plugins for Editor in 0.00 ms.
Unloading 1827 Unused Serialized files (Serialized files now loaded: 0)
System memory in use before: 86.7 MB.
System memory in use after: 86.7 MB.

Unloading 29 unused Assets to reduce memory usage. Loaded Objects now: 2404.
Total: 2.735200 ms (FindLiveObjects: 0.248500 ms CreateObjectMapping: 0.149100 ms MarkObjects: 2.200600 ms  DeleteObjects: 0.135700 ms)

========================================================================
Received Prepare
Registering precompiled user dll's ...
Registered in 0.008036 seconds.
Begin MonoManager ReloadAssembly
Native extension for WindowsStandalone target not found
Refreshing native plugins compatible for Editor in 0.54 ms, found 3 plugins.
Preloading 0 native plugins for Editor in 0.00 ms.
Mono: successfully reloaded assembly
- Completed reload, in  1.149 seconds
Platform modules already initialized, skipping
Refreshing native plugins compatible for Editor in 0.56 ms, found 3 plugins.
Preloading 0 native plugins for Editor in 0.00 ms.
Unloading 1827 Unused Serialized files (Serialized files now loaded: 0)
System memory in use before: 86.7 MB.
System memory in use after: 86.7 MB.

Unloading 29 unused Assets to reduce memory usage. Loaded Objects now: 2408.
Total: 2.570400 ms (FindLiveObjects: 0.235200 ms CreateObjectMapping: 0.128800 ms MarkObjects: 2.072300 ms  DeleteObjects: 0.132500 ms)

========================================================================
Received Prepare
Registering precompiled user dll's ...
Registered in 0.008076 seconds.
Begin MonoManager ReloadAssembly
Native extension for WindowsStandalone target not found
Refreshing native plugins compatible for Editor in 0.56 ms, found 3 plugins.
Preloading 0 native plugins for Editor in 0.00 ms.
Mono: successfully reloaded assembly
- Completed reload, in  1.116 seconds
Platform modules already initialized, skipping
Refreshing native plugins compatible for Editor in 0.53 ms, found 3 plugins.
Preloading 0 native plugins for Editor in 0.00 ms.
Unloading 1827 Unused Serialized files (Serialized files now loaded: 0)
System memory in use before: 86.7 MB.
System memory in use after: 86.7 MB.

Unloading 29 unused Assets to reduce memory usage. Loaded Objects now: 2412.
Total: 2.612900 ms (FindLiveObjects: 0.272900 ms CreateObjectMapping: 0.143800 ms MarkObjects: 2.053100 ms  DeleteObjects: 0.141700 ms)

========================================================================
Received Prepare
Registering precompiled user dll's ...
Registered in 0.007913 seconds.
Begin MonoManager ReloadAssembly
Native extension for WindowsStandalone target not found
Refreshing native plugins compatible for Editor in 0.59 ms, found 3 plugins.
Preloading 0 native plugins for Editor in 0.00 ms.
Mono: successfully reloaded assembly
- Completed reload, in  1.166 seconds
Platform modules already initialized, skipping
Refreshing native plugins compatible for Editor in 0.53 ms, found 3 plugins.
Preloading 0 native plugins for Editor in 0.00 ms.
Unloading 1827 Unused Serialized files (Serialized files now loaded: 0)
System memory in use before: 86.7 MB.
System memory in use after: 86.7 MB.

Unloading 29 unused Assets to reduce memory usage. Loaded Objects now: 2416.
Total: 2.516700 ms (FindLiveObjects: 0.286000 ms CreateObjectMapping: 0.131300 ms MarkObjects: 1.955900 ms  DeleteObjects: 0.142100 ms)

========================================================================
Received Prepare
Registering precompiled user dll's ...
Registered in 0.008069 seconds.
Begin MonoManager ReloadAssembly
Native extension for WindowsStandalone target not found
Refreshing native plugins compatible for Editor in 0.52 ms, found 3 plugins.
Preloading 0 native plugins for Editor in 0.00 ms.
Mono: successfully reloaded assembly
- Completed reload, in  1.114 seconds
Platform modules already initialized, skipping
Refreshing native plugins compatible for Editor in 0.54 ms, found 3 plugins.
Preloading 0 native plugins for Editor in 0.00 ms.
Unloading 1827 Unused Serialized files (Serialized files now loaded: 0)
System memory in use before: 86.7 MB.
System memory in use after: 86.7 MB.

Unloading 29 unused Assets to reduce memory usage. Loaded Objects now: 2420.
Total: 2.365600 ms (FindLiveObjects: 0.233200 ms CreateObjectMapping: 0.118300 ms MarkObjects: 1.886900 ms  DeleteObjects: 0.125700 ms)

========================================================================
Received Prepare
Registering precompiled user dll's ...
Registered in 0.007903 seconds.
Begin MonoManager ReloadAssembly
Native extension for WindowsStandalone target not found
Refreshing native plugins compatible for Editor in 0.54 ms, found 3 plugins.
Preloading 0 native plugins for Editor in 0.00 ms.
Mono: successfully reloaded assembly
- Completed reload, in  1.184 seconds
Platform modules already initialized, skipping
Refreshing native plugins compatible for Editor in 0.51 ms, found 3 plugins.
Preloading 0 native plugins for Editor in 0.00 ms.
Unloading 1827 Unused Serialized files (Serialized files now loaded: 0)
System memory in use before: 86.7 MB.
System memory in use after: 86.7 MB.

Unloading 29 unused Assets to reduce memory usage. Loaded Objects now: 2424.
Total: 2.321400 ms (FindLiveObjects: 0.228700 ms CreateObjectMapping: 0.105400 ms MarkObjects: 1.858900 ms  DeleteObjects: 0.126900 ms)

========================================================================
Received Prepare
Registering precompiled user dll's ...
Registered in 0.007845 seconds.
Begin MonoManager ReloadAssembly
Native extension for WindowsStandalone target not found
Refreshing native plugins compatible for Editor in 0.53 ms, found 3 plugins.
Preloading 0 native plugins for Editor in 0.00 ms.
Mono: successfully reloaded assembly
- Completed reload, in  1.123 seconds
Platform modules already initialized, skipping
Refreshing native plugins compatible for Editor in 0.90 ms, found 3 plugins.
Preloading 0 native plugins for Editor in 0.00 ms.
Unloading 1827 Unused Serialized files (Serialized files now loaded: 0)
System memory in use before: 86.7 MB.
System memory in use after: 86.7 MB.

Unloading 29 unused Assets to reduce memory usage. Loaded Objects now: 2428.
Total: 15.150900 ms (FindLiveObjects: 0.258300 ms CreateObjectMapping: 0.154800 ms MarkObjects: 8.350800 ms  DeleteObjects: 6.384800 ms)

========================================================================
Received Prepare
Registering precompiled user dll's ...
Registered in 0.007818 seconds.
Begin MonoManager ReloadAssembly
Native extension for WindowsStandalone target not found
Refreshing native plugins compatible for Editor in 0.54 ms, found 3 plugins.
Preloading 0 native plugins for Editor in 0.00 ms.
Mono: successfully reloaded assembly
- Completed reload, in  1.169 seconds
Platform modules already initialized, skipping
Refreshing native plugins compatible for Editor in 0.51 ms, found 3 plugins.
Preloading 0 native plugins for Editor in 0.00 ms.
Unloading 1827 Unused Serialized files (Serialized files now loaded: 0)
System memory in use before: 86.8 MB.
System memory in use after: 86.7 MB.

Unloading 29 unused Assets to reduce memory usage. Loaded Objects now: 2432.
Total: 2.412400 ms (FindLiveObjects: 0.231500 ms CreateObjectMapping: 0.116600 ms MarkObjects: 1.922900 ms  DeleteObjects: 0.139900 ms)

========================================================================
Received Prepare
Registering precompiled user dll's ...
Registered in 0.008012 seconds.
Begin MonoManager ReloadAssembly
Native extension for WindowsStandalone target not found
Refreshing native plugins compatible for Editor in 0.56 ms, found 3 plugins.
Preloading 0 native plugins for Editor in 0.00 ms.
Mono: successfully reloaded assembly
- Completed reload, in  1.199 seconds
Platform modules already initialized, skipping
Refreshing native plugins compatible for Editor in 0.61 ms, found 3 plugins.
Preloading 0 native plugins for Editor in 0.00 ms.
Unloading 1827 Unused Serialized files (Serialized files now loaded: 0)
System memory in use before: 86.8 MB.
System memory in use after: 86.7 MB.

Unloading 29 unused Assets to reduce memory usage. Loaded Objects now: 2436.
Total: 2.397100 ms (FindLiveObjects: 0.232400 ms CreateObjectMapping: 0.120800 ms MarkObjects: 1.911400 ms  DeleteObjects: 0.130600 ms)

========================================================================
Received Prepare
Registering precompiled user dll's ...
Registered in 0.008150 seconds.
Begin MonoManager ReloadAssembly
Native extension for WindowsStandalone target not found
Refreshing native plugins compatible for Editor in 0.57 ms, found 3 plugins.
Preloading 0 native plugins for Editor in 0.00 ms.
Mono: successfully reloaded assembly
- Completed reload, in  1.208 seconds
Platform modules already initialized, skipping
Refreshing native plugins compatible for Editor in 0.50 ms, found 3 plugins.
Preloading 0 native plugins for Editor in 0.00 ms.
Unloading 1827 Unused Serialized files (Serialized files now loaded: 0)
System memory in use before: 86.8 MB.
System memory in use after: 86.7 MB.

Unloading 29 unused Assets to reduce memory usage. Loaded Objects now: 2440.
Total: 2.868300 ms (FindLiveObjects: 0.342900 ms CreateObjectMapping: 0.130400 ms MarkObjects: 2.247400 ms  DeleteObjects: 0.146200 ms)

========================================================================
Received Prepare
Registering precompiled user dll's ...
Registered in 0.008445 seconds.
Begin MonoManager ReloadAssembly
Native extension for WindowsStandalone target not found
Refreshing native plugins compatible for Editor in 0.59 ms, found 3 plugins.
Preloading 0 native plugins for Editor in 0.00 ms.
Mono: successfully reloaded assembly
- Completed reload, in  1.204 seconds
Platform modules already initialized, skipping
Refreshing native plugins compatible for Editor in 0.51 ms, found 3 plugins.
Preloading 0 native plugins for Editor in 0.00 ms.
Unloading 1827 Unused Serialized files (Serialized files now loaded: 0)
System memory in use before: 86.8 MB.
System memory in use after: 86.8 MB.

Unloading 29 unused Assets to reduce memory usage. Loaded Objects now: 2444.
Total: 2.457100 ms (FindLiveObjects: 0.283400 ms CreateObjectMapping: 0.115900 ms MarkObjects: 1.930300 ms  DeleteObjects: 0.125900 ms)

========================================================================
Received Prepare
Registering precompiled user dll's ...
Registered in 0.008149 seconds.
Begin MonoManager ReloadAssembly
Native extension for WindowsStandalone target not found
Refreshing native plugins compatible for Editor in 0.54 ms, found 3 plugins.
Preloading 0 native plugins for Editor in 0.00 ms.
Mono: successfully reloaded assembly
- Completed reload, in  1.159 seconds
Platform modules already initialized, skipping
Refreshing native plugins compatible for Editor in 0.52 ms, found 3 plugins.
Preloading 0 native plugins for Editor in 0.00 ms.
Unloading 1827 Unused Serialized files (Serialized files now loaded: 0)
System memory in use before: 86.8 MB.
System memory in use after: 86.8 MB.

Unloading 29 unused Assets to reduce memory usage. Loaded Objects now: 2448.
Total: 2.411700 ms (FindLiveObjects: 0.240000 ms CreateObjectMapping: 0.141200 ms MarkObjects: 1.887600 ms  DeleteObjects: 0.141600 ms)

========================================================================
Received Prepare
Registering precompiled user dll's ...
Registered in 0.007915 seconds.
Begin MonoManager ReloadAssembly
Native extension for WindowsStandalone target not found
Refreshing native plugins compatible for Editor in 0.55 ms, found 3 plugins.
Preloading 0 native plugins for Editor in 0.00 ms.
Mono: successfully reloaded assembly
- Completed reload, in  1.183 seconds
Platform modules already initialized, skipping
Refreshing native plugins compatible for Editor in 0.52 ms, found 3 plugins.
Preloading 0 native plugins for Editor in 0.00 ms.
Unloading 1827 Unused Serialized files (Serialized files now loaded: 0)
System memory in use before: 86.8 MB.
System memory in use after: 86.8 MB.

Unloading 29 unused Assets to reduce memory usage. Loaded Objects now: 2452.
Total: 2.620200 ms (FindLiveObjects: 0.253400 ms CreateObjectMapping: 0.147100 ms MarkObjects: 2.063400 ms  DeleteObjects: 0.154200 ms)

========================================================================
Received Prepare
Registering precompiled user dll's ...
Registered in 0.008071 seconds.
Begin MonoManager ReloadAssembly
Native extension for WindowsStandalone target not found
Refreshing native plugins compatible for Editor in 0.70 ms, found 3 plugins.
Preloading 0 native plugins for Editor in 0.00 ms.
Mono: successfully reloaded assembly
- Completed reload, in  1.202 seconds
Platform modules already initialized, skipping
Refreshing native plugins compatible for Editor in 0.53 ms, found 3 plugins.
Preloading 0 native plugins for Editor in 0.00 ms.
Unloading 1827 Unused Serialized files (Serialized files now loaded: 0)
System memory in use before: 86.8 MB.
System memory in use after: 86.8 MB.

Unloading 29 unused Assets to reduce memory usage. Loaded Objects now: 2456.
Total: 2.523100 ms (FindLiveObjects: 0.254800 ms CreateObjectMapping: 0.135100 ms MarkObjects: 2.000600 ms  DeleteObjects: 0.131300 ms)

========================================================================
Received Prepare
Registering precompiled user dll's ...
Registered in 0.058647 seconds.
Begin MonoManager ReloadAssembly
Native extension for WindowsStandalone target not found
Refreshing native plugins compatible for Editor in 0.51 ms, found 3 plugins.
Preloading 0 native plugins for Editor in 0.00 ms.
Mono: successfully reloaded assembly
- Completed reload, in  1.159 seconds
Platform modules already initialized, skipping
Refreshing native plugins compatible for Editor in 0.53 ms, found 3 plugins.
Preloading 0 native plugins for Editor in 0.00 ms.
Unloading 1827 Unused Serialized files (Serialized files now loaded: 0)
System memory in use before: 86.8 MB.
System memory in use after: 86.8 MB.

Unloading 29 unused Assets to reduce memory usage. Loaded Objects now: 2460.
Total: 2.783000 ms (FindLiveObjects: 0.359100 ms CreateObjectMapping: 0.159900 ms MarkObjects: 2.124900 ms  DeleteObjects: 0.137700 ms)

========================================================================
Received Prepare
Registering precompiled user dll's ...
Registered in 0.008559 seconds.
Begin MonoManager ReloadAssembly
Native extension for WindowsStandalone target not found
Refreshing native plugins compatible for Editor in 0.55 ms, found 3 plugins.
Preloading 0 native plugins for Editor in 0.00 ms.
Mono: successfully reloaded assembly
- Completed reload, in  1.204 seconds
Platform modules already initialized, skipping
Refreshing native plugins compatible for Editor in 0.53 ms, found 3 plugins.
Preloading 0 native plugins for Editor in 0.00 ms.
Unloading 1827 Unused Serialized files (Serialized files now loaded: 0)
System memory in use before: 86.8 MB.
System memory in use after: 86.8 MB.

Unloading 29 unused Assets to reduce memory usage. Loaded Objects now: 2464.
Total: 2.820000 ms (FindLiveObjects: 0.288300 ms CreateObjectMapping: 0.140900 ms MarkObjects: 2.246000 ms  DeleteObjects: 0.143400 ms)

========================================================================
Received Prepare
Registering precompiled user dll's ...
Registered in 0.007918 seconds.
Begin MonoManager ReloadAssembly
Native extension for WindowsStandalone target not found
Refreshing native plugins compatible for Editor in 0.54 ms, found 3 plugins.
Preloading 0 native plugins for Editor in 0.00 ms.
Mono: successfully reloaded assembly
- Completed reload, in  1.150 seconds
Platform modules already initialized, skipping
Refreshing native plugins compatible for Editor in 0.54 ms, found 3 plugins.
Preloading 0 native plugins for Editor in 0.00 ms.
Unloading 1827 Unused Serialized files (Serialized files now loaded: 0)
System memory in use before: 86.8 MB.
System memory in use after: 86.8 MB.

Unloading 29 unused Assets to reduce memory usage. Loaded Objects now: 2468.
Total: 2.764700 ms (FindLiveObjects: 0.318800 ms CreateObjectMapping: 0.152500 ms MarkObjects: 2.149400 ms  DeleteObjects: 0.142600 ms)

========================================================================
Received Prepare
Registering precompiled user dll's ...
Registered in 0.053748 seconds.
Begin MonoManager ReloadAssembly
Native extension for WindowsStandalone target not found
Refreshing native plugins compatible for Editor in 0.54 ms, found 3 plugins.
Preloading 0 native plugins for Editor in 0.00 ms.
Mono: successfully reloaded assembly
- Completed reload, in  1.156 seconds
Platform modules already initialized, skipping
Refreshing native plugins compatible for Editor in 0.53 ms, found 3 plugins.
Preloading 0 native plugins for Editor in 0.00 ms.
Unloading 1827 Unused Serialized files (Serialized files now loaded: 0)
System memory in use before: 86.8 MB.
System memory in use after: 86.8 MB.

Unloading 29 unused Assets to reduce memory usage. Loaded Objects now: 2472.
Total: 2.554300 ms (FindLiveObjects: 0.244900 ms CreateObjectMapping: 0.132400 ms MarkObjects: 2.045700 ms  DeleteObjects: 0.130200 ms)

========================================================================
Received Prepare
Registering precompiled user dll's ...
Registered in 0.008948 seconds.
Begin MonoManager ReloadAssembly
Native extension for WindowsStandalone target not found
Refreshing native plugins compatible for Editor in 0.87 ms, found 3 plugins.
Preloading 0 native plugins for Editor in 0.00 ms.
Mono: successfully reloaded assembly
- Completed reload, in  1.172 seconds
Platform modules already initialized, skipping
Refreshing native plugins compatible for Editor in 0.52 ms, found 3 plugins.
Preloading 0 native plugins for Editor in 0.00 ms.
Unloading 1827 Unused Serialized files (Serialized files now loaded: 0)
System memory in use before: 86.9 MB.
System memory in use after: 86.8 MB.

Unloading 29 unused Assets to reduce memory usage. Loaded Objects now: 2476.
Total: 2.660200 ms (FindLiveObjects: 0.326100 ms CreateObjectMapping: 0.164200 ms MarkObjects: 2.028300 ms  DeleteObjects: 0.139600 ms)

========================================================================
Received Prepare
Registering precompiled user dll's ...
Registered in 0.010136 seconds.
Begin MonoManager ReloadAssembly
Native extension for WindowsStandalone target not found
Refreshing native plugins compatible for Editor in 0.54 ms, found 3 plugins.
Preloading 0 native plugins for Editor in 0.00 ms.
Mono: successfully reloaded assembly
- Completed reload, in  1.235 seconds
Platform modules already initialized, skipping
Refreshing native plugins compatible for Editor in 0.52 ms, found 3 plugins.
Preloading 0 native plugins for Editor in 0.00 ms.
Unloading 1827 Unused Serialized files (Serialized files now loaded: 0)
System memory in use before: 86.9 MB.
System memory in use after: 86.8 MB.

Unloading 29 unused Assets to reduce memory usage. Loaded Objects now: 2480.
Total: 2.487800 ms (FindLiveObjects: 0.224900 ms CreateObjectMapping: 0.122900 ms MarkObjects: 1.989600 ms  DeleteObjects: 0.149100 ms)

========================================================================
Received Prepare
Registering precompiled user dll's ...
Registered in 0.014373 seconds.
Begin MonoManager ReloadAssembly
Native extension for WindowsStandalone target not found
Refreshing native plugins compatible for Editor in 0.53 ms, found 3 plugins.
Preloading 0 native plugins for Editor in 0.00 ms.
Mono: successfully reloaded assembly
- Completed reload, in  1.168 seconds
Platform modules already initialized, skipping
Refreshing native plugins compatible for Editor in 0.54 ms, found 3 plugins.
Preloading 0 native plugins for Editor in 0.00 ms.
Unloading 1827 Unused Serialized files (Serialized files now loaded: 0)
System memory in use before: 86.9 MB.
System memory in use after: 86.9 MB.

Unloading 29 unused Assets to reduce memory usage. Loaded Objects now: 2484.
Total: 2.453600 ms (FindLiveObjects: 0.225500 ms CreateObjectMapping: 0.114300 ms MarkObjects: 1.985300 ms  DeleteObjects: 0.127100 ms)

========================================================================
Received Prepare
Registering precompiled user dll's ...
Registered in 0.008498 seconds.
Begin MonoManager ReloadAssembly
Native extension for WindowsStandalone target not found
Refreshing native plugins compatible for Editor in 0.52 ms, found 3 plugins.
Preloading 0 native plugins for Editor in 0.00 ms.
Mono: successfully reloaded assembly
- Completed reload, in  1.141 seconds
Platform modules already initialized, skipping
Refreshing native plugins compatible for Editor in 0.53 ms, found 3 plugins.
Preloading 0 native plugins for Editor in 0.00 ms.
Unloading 1827 Unused Serialized files (Serialized files now loaded: 0)
System memory in use before: 86.9 MB.
System memory in use after: 86.9 MB.

Unloading 29 unused Assets to reduce memory usage. Loaded Objects now: 2488.
Total: 2.699800 ms (FindLiveObjects: 0.239500 ms CreateObjectMapping: 0.129500 ms MarkObjects: 2.188400 ms  DeleteObjects: 0.141000 ms)

========================================================================
Received Prepare
Registering precompiled user dll's ...
Registered in 0.010235 seconds.
Begin MonoManager ReloadAssembly
Native extension for WindowsStandalone target not found
Refreshing native plugins compatible for Editor in 0.57 ms, found 3 plugins.
Preloading 0 native plugins for Editor in 0.00 ms.
Mono: successfully reloaded assembly
- Completed reload, in  1.297 seconds
Platform modules already initialized, skipping
Refreshing native plugins compatible for Editor in 0.61 ms, found 3 plugins.
Preloading 0 native plugins for Editor in 0.00 ms.
Unloading 1827 Unused Serialized files (Serialized files now loaded: 0)
System memory in use before: 86.9 MB.
System memory in use after: 86.9 MB.

Unloading 29 unused Assets to reduce memory usage. Loaded Objects now: 2492.
Total: 2.829300 ms (FindLiveObjects: 0.290600 ms CreateObjectMapping: 0.142000 ms MarkObjects: 2.242300 ms  DeleteObjects: 0.152900 ms)

========================================================================
Received Prepare
Registering precompiled user dll's ...
Registered in 0.008324 seconds.
Begin MonoManager ReloadAssembly
Native extension for WindowsStandalone target not found
Refreshing native plugins compatible for Editor in 0.58 ms, found 3 plugins.
Preloading 0 native plugins for Editor in 0.00 ms.
Mono: successfully reloaded assembly
- Completed reload, in  1.236 seconds
Platform modules already initialized, skipping
Refreshing native plugins compatible for Editor in 0.56 ms, found 3 plugins.
Preloading 0 native plugins for Editor in 0.00 ms.
Unloading 1827 Unused Serialized files (Serialized files now loaded: 0)
System memory in use before: 86.9 MB.
System memory in use after: 86.9 MB.

Unloading 29 unused Assets to reduce memory usage. Loaded Objects now: 2496.
Total: 2.843600 ms (FindLiveObjects: 0.250400 ms CreateObjectMapping: 0.141900 ms MarkObjects: 2.299800 ms  DeleteObjects: 0.149700 ms)

========================================================================
Received Prepare
Registering precompiled user dll's ...
Registered in 0.010138 seconds.
Begin MonoManager ReloadAssembly
Native extension for WindowsStandalone target not found
Refreshing native plugins compatible for Editor in 0.55 ms, found 3 plugins.
Preloading 0 native plugins for Editor in 0.00 ms.
Mono: successfully reloaded assembly
- Completed reload, in  1.214 seconds
Platform modules already initialized, skipping
Refreshing native plugins compatible for Editor in 0.55 ms, found 3 plugins.
Preloading 0 native plugins for Editor in 0.00 ms.
Unloading 1827 Unused Serialized files (Serialized files now loaded: 0)
System memory in use before: 86.9 MB.
System memory in use after: 86.9 MB.

Unloading 29 unused Assets to reduce memory usage. Loaded Objects now: 2500.
Total: 2.763800 ms (FindLiveObjects: 0.412100 ms CreateObjectMapping: 0.174500 ms MarkObjects: 2.045100 ms  DeleteObjects: 0.130200 ms)

========================================================================
Received Prepare
Registering precompiled user dll's ...
Registered in 0.008304 seconds.
Begin MonoManager ReloadAssembly
Native extension for WindowsStandalone target not found
Refreshing native plugins compatible for Editor in 0.54 ms, found 3 plugins.
Preloading 0 native plugins for Editor in 0.00 ms.
Mono: successfully reloaded assembly
- Completed reload, in  1.160 seconds
Platform modules already initialized, skipping
Refreshing native plugins compatible for Editor in 0.55 ms, found 3 plugins.
Preloading 0 native plugins for Editor in 0.00 ms.
Unloading 1827 Unused Serialized files (Serialized files now loaded: 0)
System memory in use before: 86.9 MB.
System memory in use after: 86.9 MB.

Unloading 29 unused Assets to reduce memory usage. Loaded Objects now: 2504.
Total: 2.628200 ms (FindLiveObjects: 0.242200 ms CreateObjectMapping: 0.120700 ms MarkObjects: 2.115600 ms  DeleteObjects: 0.148800 ms)

========================================================================
Received Prepare
Registering precompiled user dll's ...
Registered in 0.008133 seconds.
Begin MonoManager ReloadAssembly
Native extension for WindowsStandalone target not found
Refreshing native plugins compatible for Editor in 0.54 ms, found 3 plugins.
Preloading 0 native plugins for Editor in 0.00 ms.
Mono: successfully reloaded assembly
- Completed reload, in  1.182 seconds
Platform modules already initialized, skipping
Refreshing native plugins compatible for Editor in 0.52 ms, found 3 plugins.
Preloading 0 native plugins for Editor in 0.00 ms.
Unloading 1827 Unused Serialized files (Serialized files now loaded: 0)
System memory in use before: 86.9 MB.
System memory in use after: 86.9 MB.

Unloading 29 unused Assets to reduce memory usage. Loaded Objects now: 2508.
Total: 2.473700 ms (FindLiveObjects: 0.238600 ms CreateObjectMapping: 0.119200 ms MarkObjects: 1.972900 ms  DeleteObjects: 0.141200 ms)

========================================================================
Received Prepare
Registering precompiled user dll's ...
Registered in 0.008193 seconds.
Begin MonoManager ReloadAssembly
Native extension for WindowsStandalone target not found
Refreshing native plugins compatible for Editor in 0.54 ms, found 3 plugins.
Preloading 0 native plugins for Editor in 0.00 ms.
Mono: successfully reloaded assembly
- Completed reload, in  1.124 seconds
Platform modules already initialized, skipping
Refreshing native plugins compatible for Editor in 0.52 ms, found 3 plugins.
Preloading 0 native plugins for Editor in 0.00 ms.
Unloading 1827 Unused Serialized files (Serialized files now loaded: 0)
System memory in use before: 86.9 MB.
System memory in use after: 86.9 MB.

Unloading 29 unused Assets to reduce memory usage. Loaded Objects now: 2512.
Total: 2.610900 ms (FindLiveObjects: 0.231200 ms CreateObjectMapping: 0.122200 ms MarkObjects: 2.125100 ms  DeleteObjects: 0.131100 ms)

========================================================================
Received Prepare
Registering precompiled user dll's ...
Registered in 0.007989 seconds.
Begin MonoManager ReloadAssembly
Native extension for WindowsStandalone target not found
Refreshing native plugins compatible for Editor in 0.54 ms, found 3 plugins.
Preloading 0 native plugins for Editor in 0.00 ms.
Mono: successfully reloaded assembly
- Completed reload, in  1.162 seconds
Platform modules already initialized, skipping
Refreshing native plugins compatible for Editor in 0.52 ms, found 3 plugins.
Preloading 0 native plugins for Editor in 0.00 ms.
Unloading 1827 Unused Serialized files (Serialized files now loaded: 0)
System memory in use before: 86.9 MB.
System memory in use after: 86.9 MB.

Unloading 29 unused Assets to reduce memory usage. Loaded Objects now: 2516.
Total: 2.854600 ms (FindLiveObjects: 0.274600 ms CreateObjectMapping: 0.136700 ms MarkObjects: 2.302900 ms  DeleteObjects: 0.138800 ms)

========================================================================
Received Prepare
Registering precompiled user dll's ...
Registered in 0.010037 seconds.
Begin MonoManager ReloadAssembly
Native extension for WindowsStandalone target not found
Refreshing native plugins compatible for Editor in 0.56 ms, found 3 plugins.
Preloading 0 native plugins for Editor in 0.00 ms.
Mono: successfully reloaded assembly
- Completed reload, in  1.219 seconds
Platform modules already initialized, skipping
Refreshing native plugins compatible for Editor in 0.51 ms, found 3 plugins.
Preloading 0 native plugins for Editor in 0.00 ms.
Unloading 1827 Unused Serialized files (Serialized files now loaded: 0)
System memory in use before: 87.0 MB.
System memory in use after: 86.9 MB.

Unloading 29 unused Assets to reduce memory usage. Loaded Objects now: 2520.
Total: 2.574500 ms (FindLiveObjects: 0.243600 ms CreateObjectMapping: 0.133600 ms MarkObjects: 2.054400 ms  DeleteObjects: 0.141600 ms)

========================================================================
Received Prepare
Registering precompiled user dll's ...
Registered in 0.007844 seconds.
Begin MonoManager ReloadAssembly
Native extension for WindowsStandalone target not found
Refreshing native plugins compatible for Editor in 0.52 ms, found 3 plugins.
Preloading 0 native plugins for Editor in 0.00 ms.
Mono: successfully reloaded assembly
- Completed reload, in  1.154 seconds
Platform modules already initialized, skipping
Refreshing native plugins compatible for Editor in 0.55 ms, found 3 plugins.
Preloading 0 native plugins for Editor in 0.00 ms.
Unloading 1827 Unused Serialized files (Serialized files now loaded: 0)
System memory in use before: 87.0 MB.
System memory in use after: 86.9 MB.

Unloading 29 unused Assets to reduce memory usage. Loaded Objects now: 2524.
Total: 2.740900 ms (FindLiveObjects: 0.275000 ms CreateObjectMapping: 0.135400 ms MarkObjects: 2.192200 ms  DeleteObjects: 0.137000 ms)

========================================================================
Received Prepare
Registering precompiled user dll's ...
Registered in 0.007818 seconds.
Begin MonoManager ReloadAssembly
Native extension for WindowsStandalone target not found
Refreshing native plugins compatible for Editor in 0.57 ms, found 3 plugins.
Preloading 0 native plugins for Editor in 0.00 ms.
Mono: successfully reloaded assembly
- Completed reload, in  1.147 seconds
Platform modules already initialized, skipping
Refreshing native plugins compatible for Editor in 0.82 ms, found 3 plugins.
Preloading 0 native plugins for Editor in 0.00 ms.
Unloading 1827 Unused Serialized files (Serialized files now loaded: 0)
System memory in use before: 87.0 MB.
System memory in use after: 86.9 MB.

Unloading 29 unused Assets to reduce memory usage. Loaded Objects now: 2528.
Total: 2.655700 ms (FindLiveObjects: 0.231000 ms CreateObjectMapping: 0.108800 ms MarkObjects: 2.188200 ms  DeleteObjects: 0.126300 ms)

========================================================================
Received Import Request.
  Time since last request: 2208.424891 seconds.
  path: Assets/WaveSpawner.cs
  artifactKey: Guid(b36bfb25681d6a44babf7355ed64b435) Importer(815301076,1909f56bfc062723c751e8b465ee728b)
Start importing Assets/WaveSpawner.cs using Guid(b36bfb25681d6a44babf7355ed64b435) Importer(815301076,1909f56bfc062723c751e8b465ee728b)  -> (artifact id: '0a8ddbeb6ff1c5ff403ca3683817258a') in 0.015726 seconds
  Import took 0.020418 seconds .

========================================================================
Received Prepare
Registering precompiled user dll's ...
Registered in 0.010132 seconds.
Begin MonoManager ReloadAssembly
Native extension for WindowsStandalone target not found
Refreshing native plugins compatible for Editor in 0.53 ms, found 3 plugins.
Preloading 0 native plugins for Editor in 0.00 ms.
Mono: successfully reloaded assembly
- Completed reload, in  1.307 seconds
Platform modules already initialized, skipping
Refreshing native plugins compatible for Editor in 0.53 ms, found 3 plugins.
Preloading 0 native plugins for Editor in 0.00 ms.
Unloading 1828 Unused Serialized files (Serialized files now loaded: 0)
System memory in use before: 87.0 MB.
System memory in use after: 87.0 MB.

Unloading 29 unused Assets to reduce memory usage. Loaded Objects now: 2533.
Total: 2.716300 ms (FindLiveObjects: 0.314100 ms CreateObjectMapping: 0.122600 ms MarkObjects: 2.124300 ms  DeleteObjects: 0.153400 ms)

AssetImportWorkerClient::OnTransportError - code=2 error=End of file
