Using pre-set license
Built from '2020.3/release' branch; Version is '2020.3.7f1 (dd97f2c94397) revision 14522354'; Using compiler version '192528614'; Build Type 'Release'
OS: 'Windows 10 Home; OS build 19041.928; Version 2004; 64bit' Language: 'en' Physical Memory: 16164 MB
BatchMode: 1, IsHumanControllingUs: 0, StartBugReporterOnCrash: 0, Is64bit: 1, IsPro: 0

 COMMAND LINE ARGUMENTS:
C:\Program Files\Unity\Hub\Editor\2020.3.7f1\Editor\Unity.exe
-adb2
-batchMode
-noUpm
-name
AssetImportWorker0
-projectPath
C:/Users/hdent/Documents/MyDocuments/School/2020-2022 - Deakin/2021 - Term 1/SIT254-GameDesign/Assessment 2 - Group Project/NightmareDefence
-logFile
Logs/AssetImportWorker0.log
-srvPort
52972
Successfully changed project path to: C:/Users/hdent/Documents/MyDocuments/School/2020-2022 - Deakin/2021 - Term 1/SIT254-GameDesign/Assessment 2 - Group Project/NightmareDefence
C:/Users/hdent/Documents/MyDocuments/School/2020-2022 - Deakin/2021 - Term 1/SIT254-GameDesign/Assessment 2 - Group Project/NightmareDefence
Using Asset Import Pipeline V2.
Refreshing native plugins compatible for Editor in 71.41 ms, found 1 plugins.
Preloading 0 native plugins for Editor in 0.00 ms.
Initialize engine version: 2020.3.7f1 (dd97f2c94397)
[Subsystems] Discovering subsystems at path C:/Program Files/Unity/Hub/Editor/2020.3.7f1/Editor/Data/Resources/UnitySubsystems
[Subsystems] Discovering subsystems at path C:/Users/hdent/Documents/MyDocuments/School/2020-2022 - Deakin/2021 - Term 1/SIT254-GameDesign/Assessment 2 - Group Project/NightmareDefence/Assets
GfxDevice: creating device client; threaded=0
Direct3D:
    Version:  Direct3D 11.0 [level 11.1]
    Renderer: NVIDIA GeForce GTX 1650 (ID=0x1f91)
    Vendor:   
    VRAM:     3964 MB
    Driver:   27.21.14.5771
Initialize mono
Mono path[0] = 'C:/Program Files/Unity/Hub/Editor/2020.3.7f1/Editor/Data/Managed'
Mono path[1] = 'C:/Program Files/Unity/Hub/Editor/2020.3.7f1/Editor/Data/MonoBleedingEdge/lib/mono/unityjit'
Mono config path = 'C:/Program Files/Unity/Hub/Editor/2020.3.7f1/Editor/Data/MonoBleedingEdge/etc'
Using monoOptions --debugger-agent=transport=dt_socket,embedding=1,server=y,suspend=n,address=127.0.0.1:56772
Begin MonoManager ReloadAssembly
Registering precompiled unity dll's ...
Register platform support module: C:/Program Files/Unity/Hub/Editor/2020.3.7f1/Editor/Data/PlaybackEngines/WindowsStandaloneSupport/UnityEditor.WindowsStandalone.Extensions.dll
Registered in 0.003473 seconds.
Native extension for WindowsStandalone target not found
Refreshing native plugins compatible for Editor in 73.25 ms, found 1 plugins.
Preloading 0 native plugins for Editor in 0.00 ms.
Mono: successfully reloaded assembly
- Completed reload, in  2.324 seconds
Platform modules already initialized, skipping
Registering precompiled user dll's ...
Registered in 0.001944 seconds.
Begin MonoManager ReloadAssembly
Native extension for WindowsStandalone target not found
Refreshing native plugins compatible for Editor in 106.63 ms, found 1 plugins.
Preloading 0 native plugins for Editor in 0.00 ms.
Mono: successfully reloaded assembly
- Completed reload, in  2.588 seconds
Platform modules already initialized, skipping
========================================================================
Worker process is ready to serve import requests
Launched and connected shader compiler UnityShaderCompiler.exe after 0.12 seconds
Refreshing native plugins compatible for Editor in 1.00 ms, found 1 plugins.
Preloading 0 native plugins for Editor in 0.00 ms.
Unloading 1817 Unused Serialized files (Serialized files now loaded: 0)
System memory in use before: 85.8 MB.
System memory in use after: 85.9 MB.

Unloading 19 unused Assets to reduce memory usage. Loaded Objects now: 2264.
Total: 3.422100 ms (FindLiveObjects: 0.281400 ms CreateObjectMapping: 0.125000 ms MarkObjects: 2.908200 ms  DeleteObjects: 0.105400 ms)

========================================================================
Received Import Request.
  path: Assets/Scenes
  artifactKey: Guid(08de98b68fe363744b5d776a965223f6) Importer(815301076,1909f56bfc062723c751e8b465ee728b)
Start importing Assets/Scenes using Guid(08de98b68fe363744b5d776a965223f6) Importer(815301076,1909f56bfc062723c751e8b465ee728b)  -> (artifact id: '9e7ccae02e0af54b53e7acd95a2f0bf5') in 0.017051 seconds
  Import took 0.022711 seconds .

========================================================================
Received Import Request.
  Time since last request: 0.000439 seconds.
  path: Assets/Scenes/MainMenu.unity
  artifactKey: Guid(a7044609af12b234f90a352bbf2c0324) Importer(815301076,1909f56bfc062723c751e8b465ee728b)
Start importing Assets/Scenes/MainMenu.unity using Guid(a7044609af12b234f90a352bbf2c0324) Importer(815301076,1909f56bfc062723c751e8b465ee728b)  -> (artifact id: '4150a191d070d6c980a9f322bd1d0f69') in 0.028287 seconds
  Import took 0.034013 seconds .

========================================================================
Received Import Request.
  Time since last request: 0.344412 seconds.
  path: Assets/Scenes/MainMenu.unity
  artifactKey: Guid(a7044609af12b234f90a352bbf2c0324) Importer(815301076,1909f56bfc062723c751e8b465ee728b)
Start importing Assets/Scenes/MainMenu.unity using Guid(a7044609af12b234f90a352bbf2c0324) Importer(815301076,1909f56bfc062723c751e8b465ee728b)  -> (artifact id: '4150a191d070d6c980a9f322bd1d0f69') in 0.006064 seconds
  Import took 0.011737 seconds .

========================================================================
Received Import Request.
  Time since last request: 2.713963 seconds.
  path: Assets/Scenes/PlayMap.unity
  artifactKey: Guid(7d84d300e15f8624385f93d86272b575) Importer(815301076,1909f56bfc062723c751e8b465ee728b)
Start importing Assets/Scenes/PlayMap.unity using Guid(7d84d300e15f8624385f93d86272b575) Importer(815301076,1909f56bfc062723c751e8b465ee728b)  -> (artifact id: '2ab59790407f64cf52c051b1b73fbfb0') in 0.012134 seconds
  Import took 0.017019 seconds .

AssetImportWorkerClient::OnTransportError - code=2 error=End of file
